<?xml version="1.0" encoding="UTF-8"?>
<testsuite xmlns:xsi="http://www.w3.org/2001/XMLSchema-instance" xsi:noNamespaceSchemaLocation="https://maven.apache.org/surefire/maven-surefire-plugin/xsd/surefire-test-report-3.0.xsd" version="3.0" name="TestSuite" time="151.944" tests="3" errors="0" skipped="0" failures="0">
  <properties>
[...]
</properties>
  <testcase name="runScenario[&quot;Verify number of slides and their duration with expected data&quot;, &quot;To verify no duplicate link present in the footer&quot;](1)" classname="runners.footerLinksRunner" time="67.572">
    <system-out><![CDATA[Clean old reports before execution...
Clean old reports before execution...
Clean old reports before execution...
Old reports deleted.
Old reports deleted.
Old reports deleted.

@AttachReport
Scenario: Verify jacket title, price under men section and create report # src/test/resources/features/shopNavigation.feature:5

Scenario: Verify number of slides and their duration with expected data # src/test/resources/features/footerLinks.feature:4

Scenario: Verify number of slides and their duration with expected data # src/test/resources/features/countSildes.feature:4
Closed Ticket Access pop-up.
Ticket Access pop-up not found.
'I Decline' pop-up not found.
Ticket Access pop-up not found.
'I Decline' pop-up not found.
  Given User is on the "Bulls" home page                                # stepDefinitions.CommonHomePageSteps.userIsOnTheHomePage(java.lang.String)
  When User scroll down to footer                                       # stepDefinitions.FooterSteps.userScrollDownToFooter()
Section: TEAM
   - Team Roster
   - Stats
   - Team Leaders
   - Staff Directory
   - Career Opportunities
Section: TICKETS
   - Click Tix
   - Schedule
   - Season Tickets
   - Single Tickets
   - Group Tickets
   - Family Ticket Packs
   - Student Pass
   - Splash Zone
   - Print Schedule
   - Windy City Bulls
Section: SHOP
   - Jerseys
   - Hats
   - Men's
   - Women's
   - Kids
   - Madhouse Team Store
Section: COMMUNITY
   - Scoreboard Messages
   - 50/50 Raffle
   - Annual Report
Section: UNITED CENTER
   - Seating Charts
   - Directions / Parking
   - Rideshare
   - Dining/Catering
Section: NEWS
   - Sam Smith
   - Partner News
   - Injury Report
   - Game Notes
  Then User read all the footer links under each section                # stepDefinitions.FooterSteps.userReadAllTheFooterLinksUnderEachSection()
No duplicate links found.
  Then User check for duplicate links in the footer                     # stepDefinitions.FooterSteps.userCheckForDuplicateLinksInTheFooter()
CSV file saved: /Users/monika/eclipse-workspace/NewSeleniumProject/test-output/footer_links.csv
  Then User save all the footer links in a CSV file                     # stepDefinitions.FooterSteps.userSaveAllTheFooterLinksInACsvFile()
Closing WebDriver
]]></system-out>
    <system-err><![CDATA[SLF4J: Failed to load class "org.slf4j.impl.StaticLoggerBinder".
SLF4J: Defaulting to no-operation (NOP) logger implementation
SLF4J: See http://www.slf4j.org/codes.html#StaticLoggerBinder for further details.
Mar 02, 2025 2:44:56 PM org.openqa.selenium.devtools.CdpVersionFinder findNearestMatch
WARNING: Unable to find CDP implementation matching 133
Mar 02, 2025 2:44:56 PM org.openqa.selenium.devtools.CdpVersionFinder findNearestMatch
WARNING: Unable to find CDP implementation matching 133
Mar 02, 2025 2:44:56 PM org.openqa.selenium.chromium.ChromiumDriver lambda$new$5
WARNING: Unable to find version of CDP to use for 133.0.6943.142. You may need to include a dependency on a specific version of the CDP using something similar to `org.seleniumhq.selenium:selenium-devtools-v86:4.17.0` where the version ("v86") matches the version of the chromium-based browser you're using and the version number of the artifact is the same as Selenium's.
Mar 02, 2025 2:44:56 PM org.openqa.selenium.devtools.CdpVersionFinder findNearestMatch
WARNING: Unable to find CDP implementation matching 133
Mar 02, 2025 2:44:56 PM org.openqa.selenium.chromium.ChromiumDriver lambda$new$5
WARNING: Unable to find version of CDP to use for 133.0.6943.142. You may need to include a dependency on a specific version of the CDP using something similar to `org.seleniumhq.selenium:selenium-devtools-v86:4.17.0` where the version ("v86") matches the version of the chromium-based browser you're using and the version number of the artifact is the same as Selenium's.
Mar 02, 2025 2:44:56 PM org.openqa.selenium.chromium.ChromiumDriver lambda$new$5
WARNING: Unable to find version of CDP to use for 133.0.6943.142. You may need to include a dependency on a specific version of the CDP using something similar to `org.seleniumhq.selenium:selenium-devtools-v86:4.17.0` where the version ("v86") matches the version of the chromium-based browser you're using and the version number of the artifact is the same as Selenium's.
]]></system-err>
  </testcase>
  <testcase name="runScenario[&quot;Verify number of slides and their duration with expected data&quot;, &quot;To verify number of slides and their duration from DP1&quot;](1)" classname="runners.countSildesRunner" time="126.001">
    <system-out><![CDATA[Ticket Access pop-up not found.
'I Decline' pop-up not found.
  Given User is on the "Sixers" home page                               # stepDefinitions.CommonHomePageSteps.userIsOnTheHomePage(java.lang.String)
Total number of slides: 5
Slide: PHILADELPHIA 76ERS SIGN JALEN HOOD-SCHIFINO TO TWO-WAY CONTRACT
Extracted Slide Name: PHILADELPHIA 76ERS SIGN JALEN HOOD-SCHIFINO TO TWO-WAY CONTRACT
Slide: Sixers vs. Stephen Curry and Golden State Warriors: “Spirit of 76” City Edition Game Preview, Injury Report, and How to Watch 03/01/2025
Extracted Slide Name: Sixers vs. Stephen Curry and Golden State Warriors: “Spirit of 76” City Edition Game Preview, Injury Report, and How to Watch 03/01/2025
Slide: 76ers Welcome Alex Reese with Two-Way Contract
Extracted Slide Name: 76ers Welcome Alex Reese with Two-Way Contract
Slide: David Roddy Signs Two-Way Contract with 76ers
Extracted Slide Name: David Roddy Signs Two-Way Contract with 76ers
Slide: 76ers Sign Lonnie Walker IV
Extracted Slide Name: 76ers Sign Lonnie Walker IV
  When User count slides and verify their names                         # stepDefinitions.SlideCountSteps.userCountsSlidesAndVerifytheirNames()
Slide: PHILADELPHIA 76ERS SIGN JALEN HOOD-SCHIFINO TO TWO-WAY CONTRACT
Extracted Slide Name: PHILADELPHIA 76ERS SIGN JALEN HOOD-SCHIFINO TO TWO-WAY CONTRACT
Slide: Sixers vs. Stephen Curry and Golden State Warriors: “Spirit of 76” City Edition Game Preview, Injury Report, and How to Watch 03/01/2025
Extracted Slide Name: Sixers vs. Stephen Curry and Golden State Warriors: “Spirit of 76” City Edition Game Preview, Injury Report, and How to Watch 03/01/2025
Slide: 76ers Welcome Alex Reese with Two-Way Contract
Extracted Slide Name: 76ers Welcome Alex Reese with Two-Way Contract
Slide: David Roddy Signs Two-Way Contract with 76ers
Extracted Slide Name: David Roddy Signs Two-Way Contract with 76ers
Slide: 76ers Sign Lonnie Walker IV
Extracted Slide Name: 76ers Sign Lonnie Walker IV
'I Decline' pop-up not found.
  Given User is on the "Warriors" home page                              # stepDefinitions.CommonHomePageSteps.userIsOnTheHomePage(java.lang.String)
  When User hovers over Shop and clicks on Men's                         # stepDefinitions.ShopSteps.userHoversOverShopAndClicksOnMens()
Pop-up not found or already gone.
Clicked on the Jackets radio button.
  Then User selects jackets radio button                                 # stepDefinitions.ShopSteps.UserSelectsJacketsRadioButton()
Jacket: Men's Mitchell & Ness Black Golden State Warriors Hardwood Classics Blackout Collection Full-Snap Varsity Jacket | Price: $224.99
Jacket: Men's Nike Navy Golden State Warriors 2024/25 City Edition Authentic Coaches Performance Half-Zip Top | Price: $84.99
Jacket: Men's Nike Navy Golden State Warriors 2024/25 City Edition Authentic Showtime Performance Full-Zip Jacket | Price: $164.99
Jacket: Men's Nike Royal Golden State Warriors Authentic On-Court Showtime Performance Full-Zip Hoodie | Price: $154.99
Jacket: Men's JH Design Royal/White Golden State Warriors Reversible Fleece & Faux Leather Full-Snap Jacket | Price: $119.99
Jacket: Men's Starter Gold Golden State Warriors Reversible Satin Full-Snap Varsity Jacket | Price: $179.99
Jacket: Men's Nike Black Golden State Warriors 2024/25 Courtside Performance Half-Zip Top | Price: $74.99
Jacket: Men's Nike Royal Golden State Warriors Courtside Premium Club Anorak Quarter-Zip Pullover Hoodie | Price: $99.99
Jacket: Men's Antigua Black Golden State Warriors Sway Full-Zip Hoodie Jacket | Price: $126.99
Jacket: Men's Jordan Brand Gray Golden State Warriors Courtside Statement Edition Jumpman Jam Full-Zip Jacket | Price: $129.99
Jacket: Men's Nike Royal Golden State Warriors 2023/24 Authentic Showtime Full-Zip Hoodie | Price: $154.99
Jacket: Men's Starter Royal Golden State Warriors Scout Varsity Satin Full-Snap Jacket | Price: $144.99
Jacket: Unisex Mitchell & Ness Royal Golden State Warriors Hardwood Classics Team OG 3.0 Anorak Half-Zip Windbreaker Jacket | Price: $134.99
Jacket: Men's Starter Royal Golden State Warriors Scout I Full-Snap Varsity Jacket | Price: $154.99
Jacket: Men's Mitchell & Ness Black Golden State Warriors Blackout Collection Vintage Full-Snap Satin Jacket | Price: $149.99
Jacket: Men's Nike Black/Yellow Golden State Warriors 2022/23 City Edition Showtime Thermaflex Full-Zip Jacket | Price: $82.99
Jacket: Men's Starter Royal/Gold Golden State Warriors Scout Full-Snap Varsity Jacket | Price: $139.99
Jacket: Men's Nike Black Golden State Warriors 2023/24 City Edition Courtside Premier Full-Snap Bomber Jacket | Price: $92.99
Jacket: Men's Pro Standard Black Golden State Warriors Script Tail Full-Snap Satin Varsity Jacket | Price: $129.99
Jacket: Men's Nike Royal Golden State Warriors 2024/25 Courtside Performance Half-Zip Top | Price: $74.99
Jacket: Men's Columbia Black Golden State Warriors Omni-Wick Shotgun Quarter-Zip Pullover | Price: $104.99
Jacket: Men's Mitchell & Ness Royal Golden State Warriors Hardwood Classics Throwback Wordmark Raglan Full-Snap Jacket | Price: $119.99
Jacket: Unisex Mitchell & Ness Royal Golden State Warriors Vintage Team Origins Satin Full-Snap Jacket | Price: $174.99
Jacket: Men's Antigua Charcoal Golden State Warriors Metallic Logo Victory Raglan Pullover Hoodie | Price: $84.99
Jacket: Men's JH Design Black Golden State Warriors 2023/24 City Edition Full-Zip Bomber Jacket | Price: $79.99
Jacket: Men's JH Design Royal Golden State Warriors 7-Time NBA Finals Champions Reversible Wool Full-Zip Jacket | Price: $234.99
Jacket: Men's Antigua Black Golden State Warriors Tribute Quarter-Zip Pullover Top | Price: $79.99
Jacket: Men's Antigua Black Golden State Warriors Metallic Logo Victory Raglan Pullover Hoodie | Price: $84.99
Jacket: Men's G-III Sports by Carl Banks Black Golden State Warriors Clutch Hitter Full-Snap Varsity Jacket | Price: $179.99
Jacket: Men's Columbia Gray Golden State Warriors Fast Trek III Half-Zip Fleece Pullover | Price: $84.99
Jacket: Men's Antigua Heather Royal Golden State Warriors Cloud Pullover Hoodie | Price: $115.99
Jacket: Men's Antigua Black Golden State Warriors Twist Quarter-Zip Pullover Top | Price: $82.99
Jacket: Men's Mitchell & Ness Navy Golden State Warriors Big & Tall Hardwood Classics Raglan Satin Full-Snap Jacket | Price: $119.99
Jacket: Men's G-III Sports by Carl Banks Royal/White Golden State Warriors Back Field Full-Zip Track Jacket | Price: $79.99
Jacket: Men's Mitchell & Ness Royal Golden State Warriors Hardwood Classics Vintage Logo Full-Zip Bomber Jacket | Price: $149.99
Jacket: Men's Antigua Black Golden State Warriors Altitude Full-Zip Jacket | Price: $114.99
Jacket: Men's Antigua Black Golden State Warriors Metallic Logo Victory Raglan Full-Zip Hoodie | Price: $84.99
Jacket: Men's Antigua Royal Golden State Warriors Tribute Quarter-Zip Pullover Top | Price: $79.99
Jacket: Men's Tommy Jeans Royal Golden State Warriors Jacob Chain Stitch Applique Full-Snap Varsity Jacket | Price: $119.99
Jacket: Men's Antigua Charcoal Golden State Warriors Metallic Logo Victory Raglan Full-Zip Hoodie | Price: $84.99
Jacket: Men's Starter Gold Golden State Warriors Slider Satin Full-Snap Varsity Jacket | Price: $129.99
Jacket: Men's Antigua Black Golden State Warriors Metallic Logo Generation Quarter-Zip Top | Price: $94.99
Jacket: Men's Antigua Charcoal Golden State Warriors Metallic Logo Tribute Quarter-Zip Top | Price: $79.99
Jacket: Men's Antigua White Golden State Warriors Metallic Logo Victory Raglan Pullover Hoodie | Price: $84.99
Jacket: Men's Antigua White Golden State Warriors Metallic Logo Victory Raglan Full-Zip Hoodie | Price: $84.99
Jacket: Men's JH Design Gray/Royal Golden State Warriors Embroidered Logo Reversible Fleece Full-Snap Jacket | Price: $119.99
Jacket: Men's Columbia Gray Golden State Warriors Omni-Wick In The Element Full-Zip Vest | Price: $114.99
Jacket: Men's Antigua Black Golden State Warriors Metallic Logo Generation Quarter-Zip Top | Price: $94.99
Jacket: Men's Antigua Black Golden State Warriors Swelter Full-Zip Puffer Jacket | Price: $131.99
Jacket: Men's Antigua Black Golden State Warriors Metallic Logo Tribute Quarter-Zip Top | Price: $79.99
Jacket: Men's Starter x Levi's Royal Golden State Warriors Silver Label Trucker Satin Full-Snap Jacket | Price: $188.00
Jacket: Men's JH Design Royal Golden State Warriors Reversible Wool Full-Zip Jacket | Price: $199.99
Jacket: Unisex The Wild Collective Black Golden State Warriors Flannel Full-Zip Shacket | Price: $119.99
Jacket: Men's G-III Sports by Carl Banks Tan Golden State Warriors Build Up Heavy Duck Canvas Full-Zip Hoodie | Price: $169.99
Jacket: Men's Columbia Royal Golden State Warriors Fast Trek III Half-Zip Fleece Pullover | Price: $84.99
Jacket: Men's Columbia Blue Golden State Warriors Oroville Creek Lined Full-Zip Jacket | Price: $114.99
Jacket: Men's Mitchell & Ness Royal Golden State Warriors Hardwood Classics Retro Quilted Raglan Full-Zip Hoodie | Price: $199.99
Jacket: Men's Antigua Natural Golden State Warriors Fortune Quarter-Zip Pullover Jacket | Price: $114.99
Jacket: Men's Mitchell & Ness White Golden State Warriors Hardwood Classics Throwback Wordmark Raglan Full-Snap Jacket | Price: $119.99
Jacket: Men's Antigua Heather Royal Golden State Warriors Cloud Pullover Hoodie | Price: $102.99
Jacket: Men's Starter Gold/Royal Golden State Warriors Rush Applique Full-Zip Track Jacket | Price: $99.99
Jacket: Men's Antigua Heather Royal Golden State Warriors Bright Quarter-Zip Top | Price: $85.99
Jacket: Men's Columbia Black Golden State Warriors Oroville Creek Lined Full-Zip Jacket | Price: $117.99
Jacket: Men's Mitchell & Ness Royal Golden State Warriors Undeniable Full-Zip Windbreaker Jacket | Price: $134.99
Jacket: Men's JH Design Royal Golden State Warriors Reversible Embroidered Wool Full-Snap Jacket | Price: $180.00
Jacket: Men's Antigua Heather Black Golden State Warriors Cloud Pullover Hoodie | Price: $115.99
Jacket: Men's G-III Sports by Carl Banks Royal Golden State Warriors Game Ball Full-Zip Track Jacket | Price: $79.99
Jacket: Men's Antigua Heather Gray Golden State Warriors Metallic Logo Victory Raglan Pullover Hoodie | Price: $84.99
Jacket: Men's Nike Royal Golden State Warriors Courtside Vintage Warmup Full-Zip Jacket | Price: $129.99
Jacket: Men's JH Design Royal Golden State Warriors Lightweight Nylon Full-Zip Bomber Jacket | Price: $119.99
Jacket: Men's New Era Navy Golden State Warriors 2024/25 City Edition Full-Zip Windbreaker Jacket | Price: $119.99
Jacket: Men's Antigua Heather Black Golden State Warriors Hold-Up Full-Zip Tri-Blend Jacket | Price: $121.99
Jacket: Men's JH Design Royal Golden State Warriors Full-Zip Bomber Jacket | Price: $149.99
Jacket: Men's Antigua Kelly Green Golden State Warriors Shamrock Tribute Quarter-Zip Pullover Top | Price: $79.99
Jacket: Men's Mitchell & Ness Royal Golden State Warriors Hardwood Classics Varsity Full-Snap Jacket | Price: $274.99
Jacket: Men's Antigua Heather Gray Golden State Warriors Hold-Up Full-Zip Tri-Blend Jacket | Price: $121.99
Jacket: Men's Antigua Black Golden State Warriors Big & Tall Victory Full-Zip Hoodie Jacket | Price: $113.99
Jacket: Men's Starter Royal/Gold Golden State Warriors Charger Half-Zip Pullover Jacket | Price: $159.99
Jacket: Men's Nike Black Golden State Warriors Authentic Performance Half-Zip Jacket | Price: $74.99
Jacket: Men's Antigua Heather Gray Golden State Warriors Bright Quarter-Zip Top | Price: $93.99
Jacket: Men's Pro Standard Royal Golden State Warriors Classic Warm-Up Full-Snap Jacket | Price: $124.99
Jacket: Men's Antigua Royal Golden State Warriors Metallic Logo Victory Raglan Full-Zip Hoodie | Price: $84.99
Jacket: Men's Antigua Black/Gray Golden State Warriors Content Quarter-Zip Top | Price: $93.99
Jacket: Men's Antigua Heather Royal Golden State Warriors Subtle Quarter-Zip Sweatshirt | Price: $102.99
Jacket: Men's Antigua Heather Royal Golden State Warriors Tidy Quarter-Zip Hoodie | Price: $86.99
Jacket: Men's Mitchell & Ness Royal Golden State Warriors Team OG 2.0 Vintage Logo Anorak Windbreaker Quarter-Zip Jacket | Price: $139.99
Jacket: Men's Antigua Heather Royal Golden State Warriors Effortless Full-Zip Hoodie Jacket | Price: $107.99
Jacket: Men's G-III Sports by Carl Banks Royal Golden State Warriors Contender Full-Zip Hoodie Jacket | Price: $89.99
Jacket: Men's Antigua Heather Gray Golden State Warriors Metallic Logo Victory Raglan Full-Zip Hoodie | Price: $84.99
Jacket: Men's Antigua Gray Golden State Warriors Daily Fused Full-Zip Jacket | Price: $126.99
Jacket: Men's Starter Royal Golden State Warriors Home Game Satin Full-Snap Varsity Jacket | Price: $149.99
Jacket: Men's Pro Standard Brown Golden State Warriors Paint The City Full-Zip Jacket | Price: $159.99
Jacket: Men's Columbia White Golden State Warriors Hikebound Full-Zip Jacket | Price: $159.99
Jacket: Men's Antigua Black Golden State Warriors Regard Full-Zip Jacket | Price: $112.99
Jacket: Men's Antigua White Golden State Warriors Metallic Logo Generation Quarter-Zip Top | Price: $94.99
Jacket: Men's Antigua Pewter Golden State Warriors Twist Quarter-Zip Pullover Top | Price: $82.99
Jacket: Men's Antigua Gold Golden State Warriors Intent Quarter-Zip Top | Price: $93.99
Jacket: Men's Columbia Black Golden State Warriors Hikebound Full-Zip Jacket | Price: $159.99
Jacket: Men's G-III Sports by Carl Banks Royal Golden State Warriors Moneyball Wool & Leather Full-Snap Varsity Jacket | Price: $349.99
Jacket: Men's Antigua Heather Charcoal Golden State Warriors Effortless Full-Zip Hoodie Jacket | Price: $107.99
Jacket: Men's Antigua Royal Golden State Warriors Metallic Logo Victory Raglan Pullover Hoodie | Price: $84.99
Jacket: Men's Antigua Black Golden State Warriors Big & Tall Victory Raglan Pullover Hoodie | Price: $95.99
Jacket: Men's Starter Black Golden State Warriors Home Game Satin Full-Snap Varsity Jacket | Price: $149.99
Jacket: Men's Antigua Royal Golden State Warriors Perilous Quarter-Zip Sweatshirt | Price: $107.99
Jacket: Men's Antigua Black Golden State Warriors Demand Full-Zip Vest | Price: $102.99
Jacket: Men's JH Design Gold/Royal Golden State Warriors Split All Over Full-Zip Jacket | Price: $199.99
Jacket: Men's Columbia Heathered Gray/Royal Golden State Warriors Omni-Wick Shotgun 2.0 Quarter-Zip Pullover Top | Price: $104.99
Jacket: Men's Fanatics Royal/Heather Gray Golden State Warriors Big & Tall Pieced Stripe Raglan Full-Zip Track Jacket | Price: $74.99
Jacket: Men's G-III Sports by Carl Banks Royal Golden State Warriors Contender Wordmark Full-Zip Track Jacket | Price: $79.99
Jacket: Men's Antigua Royal Golden State Warriors Generation Quarter-Zip Pullover Jacket | Price: $94.99
Jacket: Men's Antigua Heather Charcoal Golden State Warriors Fortune Full-Zip Vest | Price: $107.99
Jacket: Men's Antigua Heather Black Golden State Warriors Metallic Logo Big & Tall Fortune Quarter-Zip Jacket | Price: $112.99
Jacket: Men's Antigua Black/Gold Golden State Warriors Content Quarter-Zip Top | Price: $93.99
Jacket: Men's Mitchell & Ness White Golden State Warriors Hardwood Classics Nights Team Leader Satin Full-Zip Jacket | Price: $149.99
Jacket: Men's Antigua Royal Golden State Warriors Twist Quarter-Zip Pullover Top | Price: $82.99
Jacket: Men's Nike Royal Golden State Warriors Courtside Versus Capsule Full-Zip Jacket | Price: $129.99
Jacket: Men's Jeff Hamilton Black Golden State Warriors Wool & Leather Full-Snap Varsity Jacket | Price: $849.99
Jacket: Men's Antigua Royal Golden State Warriors Links Full-Zip Golf Jacket | Price: $104.99
Jacket: Men's Starter Black Golden State Warriors Scout Varsity Full-Snap Jacket | Price: $139.99
Jacket: Men's Levelwear Royal Golden State Warriors Gear Insignia Core Quarter-Zip Pullover Top | Price: $154.99
Jacket: Men's Antigua Heather Black Golden State Warriors Cloud Pullover Hoodie | Price: $102.99
Jacket: Men's Levelwear Black Golden State Warriors Harrington Full-Zip Jacket | Price: $139.99
Jacket: Men's Antigua Heather Gray Golden State Warriors Cloud Pullover Hoodie | Price: $102.99
Jacket: Men's Mitchell & Ness Gold Golden State Warriors Team OG 2.0 Vintage Logo Satin Full-Zip Jacket | Price: $149.99
Jacket: Men's Antigua Khaki Golden State Warriors Victory Crewneck Pullover Sweatshirt | Price: $90.99
Jacket: Men's Antigua Royal Golden State Warriors Metallic Logo Tribute Quarter-Zip Top | Price: $79.99
Jacket: Men's Antigua Heather Black Golden State Warriors Metallic Logo Fortune Quarter-Zip Jacket | Price: $114.99
Jacket: Men's Starter Royal/Gold Golden State Warriors Renegade Satin Full-Snap Varsity Jacket | Price: $139.99
Jacket: Men's Antigua Black Golden State Warriors Big & Tall Victory Full-Zip Hoodie Jacket | Price: $100.99
Jacket: Men's Antigua Royal Golden State Warriors Swelter Full-Zip Puffer Jacket | Price: $131.99
Jacket: Men's Antigua Gray Golden State Warriors Swelter Full-Zip Puffer Jacket | Price: $131.99
Jacket: Men's Levelwear Royal Golden State Warriors Dimension Insignia Core Pullover Hoodie | Price: $97.99
Slide 'Sixers vs. Stephen Curry and Golden State Warriors: “Spirit of 76” City Edition Game Preview, Injury Report, and How to Watch 03/01/2025' was displayed for 9 seconds.
Slide '76ers Welcome Alex Reese with Two-Way Contract' was displayed for 10 seconds.
Slide 'David Roddy Signs Two-Way Contract with 76ers' was displayed for 9 seconds.
Slide '76ers Sign Lonnie Walker IV' was displayed for 10 seconds.
Slide 'PHILADELPHIA 76ERS SIGN JALEN HOOD-SCHIFINO TO TWO-WAY CONTRACT' was displayed for 9 seconds.
  Then User verify duration of each slide                               # stepDefinitions.SlideCountSteps.userVerifyDurationOfEachSlide()
Closing WebDriver
Jacket: Men's Antigua Oatmeal Golden State Warriors Fortune Full-Zip Vest | Price: $107.99
Jacket: Men's Antigua Royal/Gray Golden State Warriors Tending 2 Button-Down Long Sleeve Shirt | Price: $80.99
Jacket: Men's Columbia Heather Gray Golden State Warriors Omni-Wick Rockin' It Quarter-Zip Pullover Top | Price: $104.99
Jacket: Men's Antigua Black Golden State Warriors Links Full-Zip Golf Jacket | Price: $104.99
Jacket: Men's Nike Royal Golden State Warriors Authentic Performance Half-Zip Jacket | Price: $74.99
]]></system-out>
  </testcase>
  <testcase name="runScenario[&quot;Verify jacket title, price under men section and create report&quot;, &quot;Navigate to men jacket section and extract details from CP1&quot;](1)" classname="runners.shopNavigationRunner" time="151.402">
    <system-out><![CDATA[Jacket: Men's Tommy Jeans Royal Golden State Warriors Bernard Half-Zip Hoodie | Price: $69.99
Jacket: Men's Columbia Royal Golden State Warriors Omni-Wick In The Element Full-Zip Vest | Price: $114.99
Jacket: Men's Columbia Gray Golden State Warriors Park View Half-Zip Top | Price: $94.99
Jacket: Men's Fanatics Royal Golden State Warriors Big & Tall Anorak Half-Zip Hoodie | Price: $69.99
Jacket: Men's Starter x Ty Mopkins Black Golden State Warriors Black History Month Satin Full-Zip Jacket | Price: $199.99
Jacket: Men's Antigua Heather Gray Golden State Warriors Brisk Quarter-Zip Windbreaker | Price: $96.99
Jacket: Men's Antigua Heather Gray Golden State Warriors Spikes Raglan Quarter-Zip Hoodie | Price: $114.99
Jacket: Men's Columbia Blue Golden State Warriors Terminal Tackle Long Sleeve Hoodie T-Shirt | Price: $79.99
Jacket: Men's Antigua White Golden State Warriors Reprocess Quarter-Zip Top | Price: $85.99
Jacket: Men's Antigua Heather Gray Golden State Warriors Victory Quarter-Zip Pullover Top | Price: $89.99
Jacket: Men's Antigua Black Golden State Warriors Daily Fused Full-Zip Jacket | Price: $126.99
Jacket: Men's Antigua Black Golden State Warriors Objection Double-Peached Full-Zip Jacket | Price: $121.99
Jacket: Men's Mitchell & Ness Royal Golden State Warriors Hardwood Classics Team OG 3.0 Lightweight Satin Full-Snap Jacket | Price: $139.99
Jacket: Men's Antigua Royal Golden State Warriors Flight Woven Tri-Blend Long Sleeve Button-Down Shirt | Price: $87.99
Jacket: Unisex Bleacher Report x Mitchell & Ness Black Golden State Warriors Backstage Crew Hoodie Full-Zip Jacket | Price: $149.99
Jacket: Men's Columbia Gray Golden State Warriors Oroville Creek Lined Full-Zip Jacket | Price: $117.99
Jacket: Men's JH Design Black Golden State Warriors 2022/23 City Edition Full-Zip Nylon Bomber Jacket | Price: $149.99
Jacket: Men's Antigua Olive Golden State Warriors Subtle Quarter-Zip Sweatshirt | Price: $102.99
Jacket: Men's Columbia Royal Golden State Warriors Steens Full-Zip Jacket | Price: $53.99
Jacket: Men's Columbia Royal Golden State Warriors Camo Flash Forward Full-Zip Windbreaker Jacket | Price: $99.99
Jacket: Men's Starter Black Golden State Warriors In-Field Play Fashion Satin Full-Zip Varsity Jacket | Price: $119.99
Jacket: Men's Mitchell & Ness Royal Golden State Warriors Big & Tall Hardwood Classics Team OG 2.0 Anorak Hoodie Quarter-Zip Windbreaker Jacket | Price: $149.99
Jacket: Men's Antigua Heather Gray Golden State Warriors Action Full-Zip Jacket | Price: $77.99
Jacket: Men's Antigua White Golden State Warriors Twist Quarter-Zip Pullover Top | Price: $82.99
Jacket: Men's Antigua Charcoal Golden State Warriors Generation Quarter-Zip Pullover Jacket | Price: $94.99
Jacket: Men's Levelwear Black Golden State Warriors Beam Insignia Core Quarter-Zip Pullover Top | Price: $124.99
Jacket: Men's Antigua Black Golden State Warriors Intent Quarter-Zip Top | Price: $93.99
Jacket: Men's Starter Black Golden State Warriors Retro Logo Raglan Coaches Full-Snap Jacket | Price: $114.99
Jacket: Men's Antigua Black Golden State Warriors Brisk Full-Zip Vest | Price: $90.99
Jacket: Men's Antigua Black Golden State Warriors Victory Full-Zip Jacket | Price: $94.99
Jacket: Men's Antigua Black Golden State Warriors Regard Full-Zip Vest | Price: $102.99
Jacket: Men's Antigua Gray Golden State Warriors Flight Woven Tri-Blend Long Sleeve Button-Down Shirt | Price: $87.99
Jacket: Men's Antigua Black Golden State Warriors Flight Woven Tri-Blend Long Sleeve Button-Down Shirt | Price: $87.99
Jacket: Men's Antigua Heather Gray Golden State Warriors Effortless Full-Zip Hoodie Jacket | Price: $107.99
Jacket: Men's Antigua Heather Gray Golden State Warriors Fortune Full-Zip Vest | Price: $107.99
Jacket: Men's Antigua Black Golden State Warriors Reprocess Quarter-Zip Top | Price: $85.99
Jacket: Men's Antigua Heather Gray Golden State Warriors Brisk Full-Zip Vest | Price: $83.99
Jacket: Men's Antigua Black/Gray Golden State Warriors Tending 2 Button-Down Long Sleeve Shirt | Price: $80.99
Jacket: Men's Antigua White Golden State Warriors St. Patrick's Day Victory Raglan Pullover Hoodie | Price: $94.99
Jacket: Men's Antigua Gray Golden State Warriors Pivot Full-Zip Jacket | Price: $107.99
Jacket: Men's Antigua Black Golden State Warriors Links 2 Full-Zip Golf Jacket | Price: $114.99
Jacket: Men's Columbia Royal Golden State Warriors Lodge Quarter-Zip Hoodie | Price: $104.99
Jacket: Men's Antigua Heather Royal Golden State Warriors Hunk Quarter-Zip Pullover Top | Price: $94.99
Jacket: Men's Antigua Black Golden State Warriors Big & Tall Victory Crew Neck Pullover Sweatshirt | Price: $90.99
Jacket: Men's Antigua Charcoal Golden State Warriors Victory Crewneck Pullover Sweatshirt | Price: $90.99
Jacket: Men's Antigua Heather Gray Golden State Warriors Tidy Quarter-Zip Hoodie | Price: $94.99
Jacket: Men's Antigua Black Golden State Warriors Flier Bunker Pullover Sweatshirt | Price: $85.99
Jacket: Men's Fanatics Royal/Gray Golden State Warriors Anorak Flagrant Foul Color-Block Raglan Hoodie Half-Zip Jacket | Price: $79.99
Jacket: Men's Antigua Kelly Green Golden State Warriors St. Patrick's Day Victory Raglan Pullover Hoodie | Price: $94.99
Jacket: Men's Antigua White Golden State Warriors Shamrock Tribute Quarter-Zip Pullover Top | Price: $79.99
Jacket: Men's Antigua Heather Black Golden State Warriors Subtle Quarter-Zip Sweatshirt | Price: $102.99
Jacket: Men's Antigua Royal Golden State Warriors Metallic Logo Generation Quarter-Zip Top | Price: $94.99
Jacket: Men's Antigua Heather Gray Golden State Warriors Big & Tall Victory Full-Zip Hoodie Jacket | Price: $113.99
Jacket: Men's Antigua Gray Golden State Warriors Tonal Intrepid Pullover Hoodie | Price: $104.99
Jacket: Men's Starter Black Golden State Warriors Printed Team Name Satin Varsity Full-Snap Jacket | Price: $129.99
Jacket: Men's Antigua Royal Golden State Warriors Exposure Woven Long Sleeve Button-Up Shirt | Price: $98.99
Jacket: Men's Antigua Black Golden State Warriors Exposure Woven Long Sleeve Button-Up Shirt | Price: $98.99
Jacket: Men's Antigua Black Golden State Warriors Brisk Quarter-Zip Windbreaker | Price: $102.99
Jacket: Men's Antigua Royal Golden State Warriors Demand Full-Zip Vest | Price: $102.99
Jacket: Men's Antigua Gray Golden State Warriors Perilous Quarter-Zip Sweatshirt | Price: $107.99
Jacket: Men's Antigua Gray Golden State Warriors Insider Quarter-Zip Top | Price: $112.99
Jacket: Men's Antigua Heather Black Golden State Warriors Spikes Raglan Quarter-Zip Hoodie | Price: $114.99
Jacket: Men's Antigua Gray/Gray Golden State Warriors Pace Quarter-Zip Pullover Jacket | Price: $84.99
Jacket: Men's Antigua Heather Gray Golden State Warriors Big & Tall Victory Full-Zip Hoodie Jacket | Price: $100.99
Jacket: Men's Antigua Heather Gray Golden State Warriors Victory Full-Zip Jacket | Price: $94.99
Jacket: Men's Mitchell & Ness Royal Golden State Warriors Throw It Back Full-Zip Windbreaker Jacket | Price: $109.99
Jacket: Men's Antigua White Golden State Warriors Generation Quarter-Zip Pullover Jacket | Price: $94.99
Jacket: Men's Antigua Pewter Golden State Warriors Metallic Logo Generation Quarter-Zip Top | Price: $94.99
Jacket: Men's Antigua Black Golden State Warriors Generation Quarter-Zip Pullover Jacket | Price: $94.99
Jacket: Women's Antigua Black Golden State Warriors Reprocess Polo | Price: $68.99
Jacket: Men's Antigua Heather Gray Golden State Warriors Subtle Quarter-Zip Sweatshirt | Price: $102.99
Jacket: Men's Antigua Black Golden State Warriors Steamer Button-Up Shacket | Price: $96.99
Jacket: Men's Antigua Royal Golden State Warriors Objection Double-Peached Full-Zip Jacket | Price: $121.99
Jacket: Men's Antigua White/Black Golden State Warriors Bender Quarter-Zip Pullover Top | Price: $89.99
Jacket: Men's Antigua Royal Golden State Warriors Reprocess Quarter-Zip Top | Price: $85.99
Jacket: Women's Antigua Royal Golden State Warriors Tunnel Polo | Price: $76.99
Jacket: Men's Antigua Heather Gray Golden State Warriors Hunk Quarter-Zip Pullover Top | Price: $94.99
Jacket: Men's Antigua Gray Golden State Warriors Intent Quarter-Zip Top | Price: $93.99
Jacket: Men's Antigua Royal Golden State Warriors Victory Quarter-Zip Mock Sweatshirt | Price: $94.99
Jacket: Men's Levelwear Black Golden State Warriors Durham Insignia Core Full-Zip Hoodie | Price: $159.99
Jacket: Men's JH Design Royal Golden State Warriors Poly-Twill Full-Zip Jacket | Price: $189.99
Jacket: Men's Antigua Heather Gray Golden State Warriors Brisk Quarter-Zip Windbreaker | Price: $102.99
Jacket: Men's Antigua Gray Golden State Warriors Regard Full-Zip Vest | Price: $102.99
Jacket: Men's Antigua Charcoal Golden State Warriors Victory Crewneck Pullover Sweatshirt | Price: $103.99
Jacket: Men's Antigua Heather Black Golden State Warriors Fortune Full-Zip Vest | Price: $107.99
Jacket: Men's Antigua Gray Golden State Warriors Cause Quarter-Zip Top | Price: $107.99
Jacket: Men's Antigua Black Golden State Warriors Pivot Full-Zip Jacket | Price: $107.99
Jacket: Men's Antigua Black Golden State Warriors Perilous Quarter-Zip Sweatshirt | Price: $107.99
Jacket: Men's Antigua Royal Golden State Warriors Insider Quarter-Zip Top | Price: $112.99
Jacket: Men's Antigua Heather Black Golden State Warriors Certain Quarter-Zip Tri-Blend Sweatshirt | Price: $114.99
Jacket: Men's Antigua Heather Gray Golden State Warriors Certain Quarter-Zip Tri-Blend Sweatshirt | Price: $114.99
Jacket: Men's Antigua Gray Golden State Warriors Links 2 Full-Zip Golf Jacket | Price: $114.99
Jacket: Men's Antigua Heather Gray Golden State Warriors Cloud Pullover Hoodie | Price: $115.99
Jacket: Men's Pro Standard Royal Golden State Warriors Area Code Full-Zip Jacket | Price: $179.99
Jacket: Men's Columbia Gray Golden State Warriors In The Element Full-Zip Jacket | Price: $129.99
Jacket: Men's Mitchell & Ness Royal Golden State Warriors Hardwood Classics Big Shot Premium Full-Zip Windbreaker Jacket | Price: $134.99
Jacket: Men's Antigua Heather Gray/Black Golden State Warriors Victory Colorblock Quarter-Zip Pullover Top | Price: $84.99
Jacket: Men's Starter Gray Golden State Warriors Printed Team Name Satin Varsity Full-Snap Jacket | Price: $129.99
Jacket: Men's Antigua Black Golden State Warriors Pure Honeycomb Pullover Hoodie | Price: $109.99
Jacket: Women's Antigua Gray Golden State Warriors Reprocess Polo | Price: $68.99
Jacket: Men's Antigua Heather Gray Golden State Warriors Metallic Logo Fortune Quarter-Zip Jacket | Price: $114.99
Jacket: Men's Antigua White Golden State Warriors Metallic Logo Tribute Quarter-Zip Top | Price: $79.99
Jacket: Men's Antigua Heather Gray Golden State Warriors Big & Tall Victory Crew Neck Pullover Sweatshirt | Price: $90.99
Jacket: Men's Starter Royal Golden State Warriors Charger Half-Zip Pullover Jacket | Price: $174.99
Jacket: Men's Antigua Royal Golden State Warriors Big & Tall Metallic Logo Generation Quarter-Zip Top | Price: $92.99
Jacket: Women's Antigua Heather Black Golden State Warriors Layout Sleeveless V-Neck Polo | Price: $67.99
Jacket: Women's Antigua Royal Golden State Warriors Reprocess Polo | Price: $68.99
Jacket: Men's Columbia Royal Golden State Warriors Team Shotgun Quarter-Zip Pullover Jacket | Price: $104.99
Jacket: Men's Antigua Heather Gray Golden State Warriors St. Patrick's Day Victory Raglan Pullover Hoodie | Price: $94.99
Jacket: Men's Antigua Black Golden State Warriors Insider Quarter-Zip Top | Price: $112.99
Jacket: Men's Antigua Gray Golden State Warriors Reprocess Quarter-Zip Top | Price: $85.99
Jacket: Men's Antigua Gray Golden State Warriors Steamer Quarter-Snap Pullover Top | Price: $97.99
Jacket: Men's Antigua Gray Golden State Warriors Steamer Quarter-Snap Pullover Top | Price: $94.99
Jacket: Men's Antigua White/Royal Golden State Warriors Bender Quarter-Zip Pullover Top | Price: $89.99
Jacket: Men's Antigua White/Gray Golden State Warriors Bender Quarter-Zip Pullover Top | Price: $89.99
Jacket: Men's Levelwear Gray Golden State Warriors Finley Insignia Core Quarter-Zip Pullover Top | Price: $117.99
Jacket: Men's Levelwear Royal Golden State Warriors Galaxy Insignia Core Quarter-Zip Pullover Top | Price: $124.99
Jacket: Men's Antigua Heather Gray/Royal Golden State Warriors Bullseye Quarter-Zip Pullover Top | Price: $84.99
Jacket: Men's Antigua Heather Gray Golden State Warriors Metallic Logo Big & Tall Fortune Quarter-Zip Jacket | Price: $112.99
Jacket: Men's Golden State Warriors Royal Mitchell & Ness Hardwood Classics 75th Anniversary Authentic Warmup Full-Snap Jacket | Price: $249.99
Jacket: Men's Levelwear Royal Golden State Warriors Asher Insignia Core Quarter-Zip Pullover Top | Price: $109.99
Jacket: Men's Levelwear Royal Golden State Warriors Spector Insignia Core Quarter-Zip Pullover Top | Price: $97.99
Jacket: Men's Columbia White Golden State Warriors Omni-Wick Shotgun Quarter-Zip Pullover | Price: $104.99
Jacket: Men's Levelwear Royal Golden State Warriors Truth Insignia Core Quarter-Zip Pullover Top | Price: $104.99
Jacket: Men's Antigua Heather Black Golden State Warriors Bright Quarter-Zip Top | Price: $93.99
Jacket: Men's Antigua Royal Golden State Warriors Intent Quarter-Zip Top | Price: $93.99
Jacket: Men's Mitchell & Ness Navy Golden State Warriors Hardwood Classics Satin Full-Snap Raglan Jacket | Price: $119.99
Jacket: Men's Antigua Olive Golden State Warriors Reprocess Quarter-Zip Top | Price: $85.99
Jacket: Men's Nike Black Golden State Warriors 2023/24 City Edition Authentic Coaches Half-Zip Top | Price: $39.99
Jacket: Men's Antigua Royal Golden State Warriors Links 2 Full-Zip Golf Jacket | Price: $114.99
Jacket: Men's Antigua Black Golden State Warriors Twine Quarter-Zip Top | Price: $86.99
Jacket: Men's Levelwear Royal Golden State Warriors Charter Insignia Core Quarter-Zip Pullover Top | Price: $97.99
Jacket: Men's JH Design Gray/Charcoal Golden State Warriors Lightweight Nylon Full-Zip Bomber Jacket | Price: $119.99
Jacket: Men's Antigua Heather Gray Golden State Warriors Metallic Logo Fortune Quarter-Zip Jacket | Price: $114.99
Jacket: Men's Antigua Charcoal Golden State Warriors Big & Tall Generation Quarter-Zip Pullover Jacket | Price: $92.99
Jacket: Men's JH Design Black Golden State Warriors Domestic Team Color Leather Jacket | Price: $1,500.00
Jacket: Women's Antigua Heather Royal Golden State Warriors Recap Sleeveless Polo | Price: $71.99
Jacket: Men's Antigua Royal Golden State Warriors Flier Bunker Pullover Sweatshirt | Price: $92.99
Jacket: Men's Antigua Kelly Green Golden State Warriors St. Patrick's Day Intent Quarter-Zip Jacket | Price: $94.99
Jacket: Women's Antigua White Golden State Warriors Tunnel Polo | Price: $76.99
Jacket: Men's JH Design Royal Golden State Warriors Domestic Team Color Leather Jacket | Price: $1,499.99
Jacket: Men's Mitchell & Ness Royal Golden State Warriors Team Origins Anorak Quarter-Zip Pullover Hoodie | Price: $114.99
Jacket: Men's Jeff Hamilton Black Golden State Warriors Vegan Leather Full-Snap Jacket | Price: $399.99
Jacket: Men's Antigua Royal Golden State Warriors Twine Quarter-Zip Top | Price: $86.99
Jacket: Men's Antigua Gray Golden State Warriors Objection Double-Peached Full-Zip Jacket | Price: $121.99
Jacket: Men's Antigua Royal Golden State Warriors Big & Tall Generation Quarter-Zip Pullover Jacket | Price: $94.99
Jacket: Women's Antigua White Golden State Warriors Era Polo | Price: $73.99
Jacket: Women's Antigua Gray Golden State Warriors Tunnel Polo | Price: $76.99
Jacket: Men's Pro Standard Royal Golden State Warriors Sublimated Satin Full-Snap Jacket | Price: $174.99
Jacket: Men's Mitchell & Ness White Golden State Warriors Hardwood Classics Arched Retro Lined Full-Zip Windbreaker Jacket | Price: $134.99
Jacket: Men's Mitchell & Ness Royal Golden State Warriors Hardwood Classics Team OG 2.0 Anorak Hoodie Half-Zip Windbreaker Jacket | Price: $134.99
Jacket: Women's Antigua Heather Black Golden State Warriors Matter Polo | Price: $73.99
Jacket: Men's Antigua Black Golden State Warriors Cause Quarter-Zip Top | Price: $100.99
Jacket: Men's Antigua Gray Golden State Warriors St. Patrick's Day Intent Quarter-Zip Jacket | Price: $94.99
Jacket: Men's Antigua Heather Royal Golden State Warriors Spikes Raglan Quarter-Zip Hoodie | Price: $114.99
Jacket: Women's Antigua White Golden State Warriors Rings Polo | Price: $81.99
Jacket: Men's Antigua Heather Black Golden State Warriors Saga Long Sleeve Hoodie T-Shirt | Price: $94.99
Jacket: Women's Antigua Heather Royal Golden State Warriors Matter Polo | Price: $73.99
Jacket: Men's Antigua White Golden State Warriors Victory Quarter-Zip Mock Sweatshirt | Price: $94.99
Jacket: Men's Antigua Khaki Golden State Warriors Victory Crewneck Pullover Sweatshirt | Price: $103.99
Jacket: Women's Antigua Heather Black Golden State Warriors Recap Sleeveless Polo | Price: $71.99
Jacket: Men's Antigua Royal Golden State Warriors Flier Bunker Pullover Sweatshirt | Price: $85.99
Jacket: Women's Antigua Black Golden State Warriors Tunnel Polo | Price: $76.99
Jacket: Unisex The Wild Collective Blue Golden State Warriors Coaches Full-Zip Denim Jacket | Price: $139.99
Jacket: Women's Antigua Heather Gray Golden State Warriors Layout V-Neck Polo | Price: $73.99
Jacket: Men's Antigua Olive Golden State Warriors Effortless Full-Zip Hoodie Jacket | Price: $107.99
Jacket: Men's Antigua Black Golden State Warriors Steamer Quarter-Snap Pullover Top | Price: $94.99
Jacket: Men's Antigua Gray Golden State Warriors Regard Full-Zip Jacket | Price: $112.99
Jacket: Women's Antigua Heather Gray Golden State Warriors Matter Polo | Price: $73.99
Jacket: Men's Antigua Heather Royal Golden State Warriors Determined Quarter-Zip Top | Price: $107.99
Jacket: Men's Antigua White Golden State Warriors Big & Tall Victory Full-Zip Hoodie Jacket | Price: $100.99
Jacket: Women's Antigua White Golden State Warriors Reprocess Polo | Price: $68.99
Jacket: Men's Antigua Gray/Gray Golden State Warriors Big & Tall Pace Quarter-Zip Pullover Jacket | Price: $89.99
Jacket: Women's Antigua Heather Black Golden State Warriors Layout V-Neck Polo | Price: $73.99
Jacket: Men's Starter Royal Golden State Warriors Captain Oxford Full-Zip Jacket | Price: $159.99
Jacket: Women's Antigua Heather Royal Golden State Warriors Layout Sleeveless V-Neck Polo | Price: $67.99
Jacket: Men's Antigua Heather Black Golden State Warriors Hunk Quarter-Zip Pullover Top | Price: $94.99
Jacket: Men's Antigua Gray Golden State Warriors Exposure Woven Long Sleeve Button-Up Shirt | Price: $98.99
Jacket: Men's JH Design Black/White Golden State Warriors Big & Tall Wool & Leather Jacket | Price: $599.99
Jacket: Women's Antigua Gray Golden State Warriors Era Polo | Price: $73.99
Jacket: Women's Antigua Black Golden State Warriors Era Polo | Price: $73.99
Jacket: Men's Jeff Hamilton Black Golden State Warriors Leather Full-Snap Jacket | Price: $1,749.99
Jacket: Men's Antigua Heather Gray Golden State Warriors Big & Tall Victory Crew Neck Pullover Sweatshirt | Price: $103.99
Jacket: Men's JH Design Royal Golden State Warriors Classic Reversible Full-Zip Jacket | Price: $149.99
Jacket: Men's Antigua Black Golden State Warriors Big & Tall Victory Crew Neck Pullover Sweatshirt | Price: $103.99
Jacket: Men's Antigua Heather Black Golden State Warriors Hunk Quarter-Zip Top | Price: $92.99
Jacket: Men's Antigua Heather Gray Golden State Warriors Hunk Quarter-Zip Top | Price: $92.99
Jacket: Men's Antigua Black Golden State Warriors Steamer Quarter-Snap Pullover Top | Price: $97.99
Jacket: Men's JH Design Royal Golden State Warriors Big & Tall All-Leather Full-Snap Jacket | Price: $1,700.00
Jacket: Men's Antigua Heather Gray/Black Golden State Warriors Bullseye Quarter-Zip Pullover Top | Price: $84.99
Jacket: Men's Levelwear Charcoal Golden State Warriors Highlite Insignia Core Pullover Hoodie | Price: $104.99
Jacket: Men's Antigua Heather Gray Golden State Warriors Big & Tall Victory Raglan Pullover Hoodie | Price: $107.99
Jacket: Men's Antigua Heather Black Golden State Warriors Tidy Quarter-Zip Lightweight Pullover Top | Price: $89.99
Jacket: Men's Antigua White Golden State Warriors Intent Quarter-Zip Top | Price: $93.99
Jacket: Women's Antigua Pewter Golden State Warriors Tunnel Polo | Price: $76.99
Jacket: Men's JH Design Gray Golden State Warriors Reversible Full-Zip Track Jacket | Price: $84.99
Jacket: Men's Antigua Black Golden State Warriors Brisk Quarter-Zip Windbreaker | Price: $96.99
Jacket: Men's JH Design Black Golden State Warriors Tonal Leather Full-Zip Jacket | Price: $1,499.99
Jacket: Men's JH Design Royal Golden State Warriors Big & Tall All-Leather Logo Full-Snap Jacket | Price: $1,699.99
Jacket: Men's Starter White/Royal Golden State Warriors Renegade Satin Full-Snap Varsity Jacket | Price: $139.99
Jacket: Men's Antigua Black Golden State Warriors St. Patrick's Day Victory Raglan Pullover Hoodie | Price: $94.99
Jacket: Men's Antigua White Golden State Warriors Big & Tall Victory Full-Zip Hoodie Jacket | Price: $113.99
Jacket: Men's Antigua Royal Golden State Warriors Big & Tall Victory Crew Neck Pullover Sweatshirt | Price: $103.99
Jacket: Men's Antigua Tan Golden State Warriors NBA 75th Anniversary Fortune Quarter-Zip Pullover Jacket | Price: $119.99
Jacket: Men's Antigua Gray Golden State Warriors Demand Full-Zip Vest | Price: $102.99
Jacket: Men's Antigua Black Golden State Warriors St. Patrick's Day Intent Quarter-Zip Jacket | Price: $94.99
Jacket: Men's Antigua Black Golden State Warriors Flier Bunker Pullover Sweatshirt | Price: $92.99
Jacket: Men's Antigua Royal Golden State Warriors Big & Tall Victory Crew Neck Pullover Sweatshirt | Price: $90.99
Jacket: Men's Antigua Charcoal Golden State Warriors Shamrock Tribute Quarter-Zip Pullover Top | Price: $79.99
Jacket: Women's Antigua Royal Golden State Warriors Era Polo | Price: $73.99
Jacket: Men's Antigua Heather Gray Golden State Warriors Big & Tall Victory Raglan Pullover Hoodie | Price: $95.99
Jacket: Men's Antigua Black Golden State Warriors Streamer Button-Up Shacket | Price: $97.99
Jacket: Women's Antigua Olive Golden State Warriors Reprocess Polo | Price: $68.99
Jacket: Women's Antigua Heather Gray Golden State Warriors Recap Sleeveless Polo | Price: $71.99
Jacket: Men's Antigua Black Golden State Warriors Strong Hold Long Sleeve Henley Hoodie T-Shirt | Price: $94.99
Jacket: Men's Nike Black Golden State Warriors 2023/24 City Edition Authentic Showtime Performance Raglan Full-Zip Jacket | Price: $82.99
Jacket: Men's Antigua Gray Golden State Warriors Twine Quarter-Zip Top | Price: $94.99
Jacket: Men's FISLL Black/Khaki NBA All Logo Aviator Wool Varsity Jacket | Price: $149.99
Jacket: Men's Jordan Brand White 2025 NBA All-Star Game Authentic On Court Full-Snap Game Jacket | Price: $169.99
Jacket: Unisex Pro Standard Black 2025 NBA All-Star Game Full-Snap Warm-Up Jacket | Price: $129.99
Jacket: Unisex Pro Standard Black 2025 NBA All-Star Game Satin Jacket | Price: $175.00
Jacket: Men's NBA x Staple Black All Teams Fusion Full-Snap Jacket | Price: $49.99
Jacket: Men's NBA x Staple Black All Teams Fusion Full-Snap Jacket | Price: $49.99
Jacket: Unisex Pro Standard Black 2025 NBA All-Star Game x HBCU Full-Snap Satin Jacket | Price: $174.99
Jacket: Unisex Pro Standard Black 2025 NBA All-Star Game x HBCU Full-Snap Satin Jacket | Price: $174.99
Jacket: Men's Starter Royal 2025 NBA All-Star Game Satin Full-Snap Varsity Jacket | Price: $199.99
Jacket: Unisex Black AUTHMADE Asian-American Pacific Islander Heritage Collection Heirloom Track Jacket | Price: $249.99
Jacket: Men's Pro Standard Wine All Star x HBCU Classic Full-Snap Satin Jacket | Price: $174.99
Jacket: Men's NBA x Staple Black All Teams Pennant Woven Full-Snap Jacket | Price: $143.99
Reached last page. No more pages to navigate.
File saved at: /Users/monika/eclipse-workspace/NewSeleniumProject/target/jacket_details.txt
  Then User extracts and saves jacket details and save in the report     # stepDefinitions.ShopSteps.userExtractsAndSavesJacketDetailsAndSaveInTheReport()
Closing WebDriver
Attached jacket_details.txt to the Extent Report.
]]></system-out>
  </testcase>
</testsuite>